The target system is: Generic -  - arm
The host system is: Darwin - 22.1.0 - x86_64
Compiling the C compiler identification source file "CMakeCCompilerId.c" succeeded.
Compiler: /Users/iridescent/iridescent/iridescentCoconutSynth2/arm-gnu-toolchain-12.2.mpacbti-bet1-darwin-x86_64-arm-none-eabi/bin/arm-none-eabi-gcc 
Build flags: 
Id flags: -c 

The output was:
0


Compilation of the C compiler identification source "CMakeCCompilerId.c" produced "CMakeCCompilerId.o"

The C compiler identification is GNU, found in "/Users/iridescent/iridescent/iridescentCoconutSynth2/iridescentmicropython/ports/libmicropython/IRIDESCENT/sdl2-compat-main/BUILD/CMakeFiles/3.25.1/CompilerIdC/CMakeCCompilerId.o"

Detecting C compiler ABI info compiled with the following output:
Change Dir: /Users/iridescent/iridescent/iridescentCoconutSynth2/iridescentmicropython/ports/libmicropython/IRIDESCENT/sdl2-compat-main/BUILD/CMakeFiles/CMakeScratch/TryCompile-eGqavH

Run Build Command(s):/usr/bin/make -f Makefile cmTC_402b1/fast && /Applications/Xcode.app/Contents/Developer/usr/bin/make  -f CMakeFiles/cmTC_402b1.dir/build.make CMakeFiles/cmTC_402b1.dir/build
Building C object CMakeFiles/cmTC_402b1.dir/CMakeCCompilerABI.c.obj
/Users/iridescent/iridescent/iridescentCoconutSynth2/arm-gnu-toolchain-12.2.mpacbti-bet1-darwin-x86_64-arm-none-eabi/bin/arm-none-eabi-gcc   -v -o CMakeFiles/cmTC_402b1.dir/CMakeCCompilerABI.c.obj -c /usr/local/Cellar/cmake/3.25.1/share/cmake/Modules/CMakeCCompilerABI.c
Using built-in specs.
COLLECT_GCC=/Users/iridescent/iridescent/iridescentCoconutSynth2/arm-gnu-toolchain-12.2.mpacbti-bet1-darwin-x86_64-arm-none-eabi/bin/arm-none-eabi-gcc
Target: arm-none-eabi
Configured with: /Volumes/data/jenkins/workspace/GNU-toolchain/arm-12-mpacbti/src/gcc/configure --target=arm-none-eabi --prefix=/Volumes/data/jenkins/workspace/GNU-toolchain/arm-12-mpacbti/build-arm-none-eabi/install --with-gmp=/Volumes/data/jenkins/workspace/GNU-toolchain/arm-12-mpacbti/build-arm-none-eabi/host-tools --with-mpfr=/Volumes/data/jenkins/workspace/GNU-toolchain/arm-12-mpacbti/build-arm-none-eabi/host-tools --with-mpc=/Volumes/data/jenkins/workspace/GNU-toolchain/arm-12-mpacbti/build-arm-none-eabi/host-tools --with-isl=/Volumes/data/jenkins/workspace/GNU-toolchain/arm-12-mpacbti/build-arm-none-eabi/host-tools --disable-shared --disable-nls --disable-threads --disable-tls --enable-checking=release --enable-languages=c,c++,fortran --with-newlib --with-gnu-as --with-gnu-ld --with-sysroot=/Volumes/data/jenkins/workspace/GNU-toolchain/arm-12-mpacbti/build-arm-none-eabi/install/arm-none-eabi --with-multilib-list=aprofile,rmprofile --with-pkgversion='Arm GNU Toolchain 12.2.MPACBTI-Bet1 (Build arm-12-mpacbti.16)' --with-bugurl=https://bugs.linaro.org/
Thread model: single
Supported LTO compression algorithms: zlib
gcc version 12.2.0 (Arm GNU Toolchain 12.2.MPACBTI-Bet1 (Build arm-12-mpacbti.16)) 
COLLECT_GCC_OPTIONS='-v' '-o' 'CMakeFiles/cmTC_402b1.dir/CMakeCCompilerABI.c.obj' '-c' '-mcpu=arm7tdmi' '-mfloat-abi=soft' '-marm' '-mlibarch=armv4t' '-march=armv4t' '-dumpdir' 'CMakeFiles/cmTC_402b1.dir/'
 /Users/iridescent/iridescent/iridescentCoconutSynth2/arm-gnu-toolchain-12.2.mpacbti-bet1-darwin-x86_64-arm-none-eabi/bin/../libexec/gcc/arm-none-eabi/12.2.0/cc1 -quiet -v -iprefix /Users/iridescent/iridescent/iridescentCoconutSynth2/arm-gnu-toolchain-12.2.mpacbti-bet1-darwin-x86_64-arm-none-eabi/bin/../lib/gcc/arm-none-eabi/12.2.0/ -isysroot /Users/iridescent/iridescent/iridescentCoconutSynth2/arm-gnu-toolchain-12.2.mpacbti-bet1-darwin-x86_64-arm-none-eabi/bin/../arm-none-eabi -D__USES_INITFINI__ /usr/local/Cellar/cmake/3.25.1/share/cmake/Modules/CMakeCCompilerABI.c -quiet -dumpdir CMakeFiles/cmTC_402b1.dir/ -dumpbase CMakeCCompilerABI.c.c -dumpbase-ext .c -mcpu=arm7tdmi -mfloat-abi=soft -marm -mlibarch=armv4t -march=armv4t -version -o /var/folders/1g/xd1mblqx2xdg1yvd5mbk_b340000gn/T//ccMyH5e7.s
GNU C17 (Arm GNU Toolchain 12.2.MPACBTI-Bet1 (Build arm-12-mpacbti.16)) version 12.2.0 (arm-none-eabi)
	compiled by GNU C version Apple LLVM 12.0.0 (clang-1200.0.32.29), GMP version 6.2.1, MPFR version 3.1.6, MPC version 1.0.3, isl version isl-0.15-1-g835ea3a-GMP

GGC heuristics: --param ggc-min-expand=100 --param ggc-min-heapsize=131072
ignoring duplicate directory "/Users/iridescent/iridescent/iridescentCoconutSynth2/arm-gnu-toolchain-12.2.mpacbti-bet1-darwin-x86_64-arm-none-eabi/bin/../lib/gcc/../../lib/gcc/arm-none-eabi/12.2.0/include"
ignoring nonexistent directory "/Users/iridescent/iridescent/iridescentCoconutSynth2/arm-gnu-toolchain-12.2.mpacbti-bet1-darwin-x86_64-arm-none-eabi/bin/../arm-none-eabi/usr/local/include"
ignoring duplicate directory "/Users/iridescent/iridescent/iridescentCoconutSynth2/arm-gnu-toolchain-12.2.mpacbti-bet1-darwin-x86_64-arm-none-eabi/bin/../lib/gcc/../../lib/gcc/arm-none-eabi/12.2.0/include-fixed"
ignoring duplicate directory "/Users/iridescent/iridescent/iridescentCoconutSynth2/arm-gnu-toolchain-12.2.mpacbti-bet1-darwin-x86_64-arm-none-eabi/bin/../lib/gcc/../../lib/gcc/arm-none-eabi/12.2.0/../../../../arm-none-eabi/include"
ignoring nonexistent directory "/Users/iridescent/iridescent/iridescentCoconutSynth2/arm-gnu-toolchain-12.2.mpacbti-bet1-darwin-x86_64-arm-none-eabi/bin/../arm-none-eabi/usr/include"
#include "..." search starts here:
#include <...> search starts here:
 /Users/iridescent/iridescent/iridescentCoconutSynth2/arm-gnu-toolchain-12.2.mpacbti-bet1-darwin-x86_64-arm-none-eabi/bin/../lib/gcc/arm-none-eabi/12.2.0/include
 /Users/iridescent/iridescent/iridescentCoconutSynth2/arm-gnu-toolchain-12.2.mpacbti-bet1-darwin-x86_64-arm-none-eabi/bin/../lib/gcc/arm-none-eabi/12.2.0/include-fixed
 /Users/iridescent/iridescent/iridescentCoconutSynth2/arm-gnu-toolchain-12.2.mpacbti-bet1-darwin-x86_64-arm-none-eabi/bin/../lib/gcc/arm-none-eabi/12.2.0/../../../../arm-none-eabi/include
End of search list.
GNU C17 (Arm GNU Toolchain 12.2.MPACBTI-Bet1 (Build arm-12-mpacbti.16)) version 12.2.0 (arm-none-eabi)
	compiled by GNU C version Apple LLVM 12.0.0 (clang-1200.0.32.29), GMP version 6.2.1, MPFR version 3.1.6, MPC version 1.0.3, isl version isl-0.15-1-g835ea3a-GMP

GGC heuristics: --param ggc-min-expand=100 --param ggc-min-heapsize=131072
Compiler executable checksum: 64b3f98eb9eec7bc736aa55f43e531e4
COLLECT_GCC_OPTIONS='-v' '-o' 'CMakeFiles/cmTC_402b1.dir/CMakeCCompilerABI.c.obj' '-c' '-mcpu=arm7tdmi' '-mfloat-abi=soft' '-marm' '-mlibarch=armv4t' '-march=armv4t' '-dumpdir' 'CMakeFiles/cmTC_402b1.dir/'
 /Users/iridescent/iridescent/iridescentCoconutSynth2/arm-gnu-toolchain-12.2.mpacbti-bet1-darwin-x86_64-arm-none-eabi/bin/../lib/gcc/arm-none-eabi/12.2.0/../../../../arm-none-eabi/bin/as -v -march=armv4t -mfloat-abi=soft -meabi=5 -o CMakeFiles/cmTC_402b1.dir/CMakeCCompilerABI.c.obj /var/folders/1g/xd1mblqx2xdg1yvd5mbk_b340000gn/T//ccMyH5e7.s
GNU assembler version 2.39.50 (arm-none-eabi) using BFD version (Arm GNU Toolchain 12.2.MPACBTI-Bet1 (Build arm-12-mpacbti.16)) 2.39.50.20220821
COMPILER_PATH=/Users/iridescent/iridescent/iridescentCoconutSynth2/arm-gnu-toolchain-12.2.mpacbti-bet1-darwin-x86_64-arm-none-eabi/bin/../libexec/gcc/arm-none-eabi/12.2.0/:/Users/iridescent/iridescent/iridescentCoconutSynth2/arm-gnu-toolchain-12.2.mpacbti-bet1-darwin-x86_64-arm-none-eabi/bin/../libexec/gcc/:/Users/iridescent/iridescent/iridescentCoconutSynth2/arm-gnu-toolchain-12.2.mpacbti-bet1-darwin-x86_64-arm-none-eabi/bin/../lib/gcc/arm-none-eabi/12.2.0/../../../../arm-none-eabi/bin/
LIBRARY_PATH=/Users/iridescent/iridescent/iridescentCoconutSynth2/arm-gnu-toolchain-12.2.mpacbti-bet1-darwin-x86_64-arm-none-eabi/bin/../lib/gcc/arm-none-eabi/12.2.0/:/Users/iridescent/iridescent/iridescentCoconutSynth2/arm-gnu-toolchain-12.2.mpacbti-bet1-darwin-x86_64-arm-none-eabi/bin/../lib/gcc/:/Users/iridescent/iridescent/iridescentCoconutSynth2/arm-gnu-toolchain-12.2.mpacbti-bet1-darwin-x86_64-arm-none-eabi/bin/../lib/gcc/arm-none-eabi/12.2.0/../../../../arm-none-eabi/lib/:/Users/iridescent/iridescent/iridescentCoconutSynth2/arm-gnu-toolchain-12.2.mpacbti-bet1-darwin-x86_64-arm-none-eabi/bin/../arm-none-eabi/lib/
COLLECT_GCC_OPTIONS='-v' '-o' 'CMakeFiles/cmTC_402b1.dir/CMakeCCompilerABI.c.obj' '-c' '-mcpu=arm7tdmi' '-mfloat-abi=soft' '-marm' '-mlibarch=armv4t' '-march=armv4t' '-dumpdir' 'CMakeFiles/cmTC_402b1.dir/CMakeCCompilerABI.c.'
Linking C executable cmTC_402b1
/usr/local/Cellar/cmake/3.25.1/bin/cmake -E cmake_link_script CMakeFiles/cmTC_402b1.dir/link.txt --verbose=1
/Users/iridescent/iridescent/iridescentCoconutSynth2/arm-gnu-toolchain-12.2.mpacbti-bet1-darwin-x86_64-arm-none-eabi/bin/arm-none-eabi-gcc --specs=nosys.specs -v CMakeFiles/cmTC_402b1.dir/CMakeCCompilerABI.c.obj -o cmTC_402b1 
Using built-in specs.
Reading specs from /Users/iridescent/iridescent/iridescentCoconutSynth2/arm-gnu-toolchain-12.2.mpacbti-bet1-darwin-x86_64-arm-none-eabi/bin/../lib/gcc/arm-none-eabi/12.2.0/../../../../arm-none-eabi/lib/nosys.specs
rename spec link_gcc_c_sequence to nosys_link_gcc_c_sequence
COLLECT_GCC=/Users/iridescent/iridescent/iridescentCoconutSynth2/arm-gnu-toolchain-12.2.mpacbti-bet1-darwin-x86_64-arm-none-eabi/bin/arm-none-eabi-gcc
COLLECT_LTO_WRAPPER=/Users/iridescent/iridescent/iridescentCoconutSynth2/arm-gnu-toolchain-12.2.mpacbti-bet1-darwin-x86_64-arm-none-eabi/bin/../libexec/gcc/arm-none-eabi/12.2.0/lto-wrapper
Target: arm-none-eabi
Configured with: /Volumes/data/jenkins/workspace/GNU-toolchain/arm-12-mpacbti/src/gcc/configure --target=arm-none-eabi --prefix=/Volumes/data/jenkins/workspace/GNU-toolchain/arm-12-mpacbti/build-arm-none-eabi/install --with-gmp=/Volumes/data/jenkins/workspace/GNU-toolchain/arm-12-mpacbti/build-arm-none-eabi/host-tools --with-mpfr=/Volumes/data/jenkins/workspace/GNU-toolchain/arm-12-mpacbti/build-arm-none-eabi/host-tools --with-mpc=/Volumes/data/jenkins/workspace/GNU-toolchain/arm-12-mpacbti/build-arm-none-eabi/host-tools --with-isl=/Volumes/data/jenkins/workspace/GNU-toolchain/arm-12-mpacbti/build-arm-none-eabi/host-tools --disable-shared --disable-nls --disable-threads --disable-tls --enable-checking=release --enable-languages=c,c++,fortran --with-newlib --with-gnu-as --with-gnu-ld --with-sysroot=/Volumes/data/jenkins/workspace/GNU-toolchain/arm-12-mpacbti/build-arm-none-eabi/install/arm-none-eabi --with-multilib-list=aprofile,rmprofile --with-pkgversion='Arm GNU Toolchain 12.2.MPACBTI-Bet1 (Build arm-12-mpacbti.16)' --with-bugurl=https://bugs.linaro.org/
Thread model: single
Supported LTO compression algorithms: zlib
gcc version 12.2.0 (Arm GNU Toolchain 12.2.MPACBTI-Bet1 (Build arm-12-mpacbti.16)) 
COMPILER_PATH=/Users/iridescent/iridescent/iridescentCoconutSynth2/arm-gnu-toolchain-12.2.mpacbti-bet1-darwin-x86_64-arm-none-eabi/bin/../libexec/gcc/arm-none-eabi/12.2.0/:/Users/iridescent/iridescent/iridescentCoconutSynth2/arm-gnu-toolchain-12.2.mpacbti-bet1-darwin-x86_64-arm-none-eabi/bin/../libexec/gcc/:/Users/iridescent/iridescent/iridescentCoconutSynth2/arm-gnu-toolchain-12.2.mpacbti-bet1-darwin-x86_64-arm-none-eabi/bin/../lib/gcc/arm-none-eabi/12.2.0/../../../../arm-none-eabi/bin/
LIBRARY_PATH=/Users/iridescent/iridescent/iridescentCoconutSynth2/arm-gnu-toolchain-12.2.mpacbti-bet1-darwin-x86_64-arm-none-eabi/bin/../lib/gcc/arm-none-eabi/12.2.0/:/Users/iridescent/iridescent/iridescentCoconutSynth2/arm-gnu-toolchain-12.2.mpacbti-bet1-darwin-x86_64-arm-none-eabi/bin/../lib/gcc/:/Users/iridescent/iridescent/iridescentCoconutSynth2/arm-gnu-toolchain-12.2.mpacbti-bet1-darwin-x86_64-arm-none-eabi/bin/../lib/gcc/arm-none-eabi/12.2.0/../../../../arm-none-eabi/lib/:/Users/iridescent/iridescent/iridescentCoconutSynth2/arm-gnu-toolchain-12.2.mpacbti-bet1-darwin-x86_64-arm-none-eabi/bin/../arm-none-eabi/lib/
COLLECT_GCC_OPTIONS='-specs=nosys.specs' '-v' '-o' 'cmTC_402b1' '-mcpu=arm7tdmi' '-mfloat-abi=soft' '-marm' '-mlibarch=armv4t' '-march=armv4t' '-dumpdir' 'cmTC_402b1.'
 /Users/iridescent/iridescent/iridescentCoconutSynth2/arm-gnu-toolchain-12.2.mpacbti-bet1-darwin-x86_64-arm-none-eabi/bin/../libexec/gcc/arm-none-eabi/12.2.0/collect2 -plugin /Users/iridescent/iridescent/iridescentCoconutSynth2/arm-gnu-toolchain-12.2.mpacbti-bet1-darwin-x86_64-arm-none-eabi/bin/../libexec/gcc/arm-none-eabi/12.2.0/liblto_plugin.so -plugin-opt=/Users/iridescent/iridescent/iridescentCoconutSynth2/arm-gnu-toolchain-12.2.mpacbti-bet1-darwin-x86_64-arm-none-eabi/bin/../libexec/gcc/arm-none-eabi/12.2.0/lto-wrapper -plugin-opt=-fresolution=/var/folders/1g/xd1mblqx2xdg1yvd5mbk_b340000gn/T//cc4ytC9B.res -plugin-opt=-pass-through=-lgcc -plugin-opt=-pass-through=-lc -plugin-opt=-pass-through=-lgcc -plugin-opt=-pass-through=-lc -plugin-opt=-pass-through=-lnosys --sysroot=/Users/iridescent/iridescent/iridescentCoconutSynth2/arm-gnu-toolchain-12.2.mpacbti-bet1-darwin-x86_64-arm-none-eabi/bin/../arm-none-eabi -X -o cmTC_402b1 /Users/iridescent/iridescent/iridescentCoconutSynth2/arm-gnu-toolchain-12.2.mpacbti-bet1-darwin-x86_64-arm-none-eabi/bin/../lib/gcc/arm-none-eabi/12.2.0/crti.o /Users/iridescent/iridescent/iridescentCoconutSynth2/arm-gnu-toolchain-12.2.mpacbti-bet1-darwin-x86_64-arm-none-eabi/bin/../lib/gcc/arm-none-eabi/12.2.0/crtbegin.o /Users/iridescent/iridescent/iridescentCoconutSynth2/arm-gnu-toolchain-12.2.mpacbti-bet1-darwin-x86_64-arm-none-eabi/bin/../lib/gcc/arm-none-eabi/12.2.0/../../../../arm-none-eabi/lib/crt0.o -L/Users/iridescent/iridescent/iridescentCoconutSynth2/arm-gnu-toolchain-12.2.mpacbti-bet1-darwin-x86_64-arm-none-eabi/bin/../lib/gcc/arm-none-eabi/12.2.0 -L/Users/iridescent/iridescent/iridescentCoconutSynth2/arm-gnu-toolchain-12.2.mpacbti-bet1-darwin-x86_64-arm-none-eabi/bin/../lib/gcc -L/Users/iridescent/iridescent/iridescentCoconutSynth2/arm-gnu-toolchain-12.2.mpacbti-bet1-darwin-x86_64-arm-none-eabi/bin/../lib/gcc/arm-none-eabi/12.2.0/../../../../arm-none-eabi/lib -L/Users/iridescent/iridescent/iridescentCoconutSynth2/arm-gnu-toolchain-12.2.mpacbti-bet1-darwin-x86_64-arm-none-eabi/bin/../arm-none-eabi/lib CMakeFiles/cmTC_402b1.dir/CMakeCCompilerABI.c.obj --start-group -lgcc -lc --end-group --start-group -lgcc -lc -lnosys --end-group /Users/iridescent/iridescent/iridescentCoconutSynth2/arm-gnu-toolchain-12.2.mpacbti-bet1-darwin-x86_64-arm-none-eabi/bin/../lib/gcc/arm-none-eabi/12.2.0/crtend.o /Users/iridescent/iridescent/iridescentCoconutSynth2/arm-gnu-toolchain-12.2.mpacbti-bet1-darwin-x86_64-arm-none-eabi/bin/../lib/gcc/arm-none-eabi/12.2.0/crtn.o
/Users/iridescent/iridescent/iridescentCoconutSynth2/arm-gnu-toolchain-12.2.mpacbti-bet1-darwin-x86_64-arm-none-eabi/bin/../lib/gcc/arm-none-eabi/12.2.0/../../../../arm-none-eabi/bin/ld: /Users/iridescent/iridescent/iridescentCoconutSynth2/arm-gnu-toolchain-12.2.mpacbti-bet1-darwin-x86_64-arm-none-eabi/bin/../lib/gcc/arm-none-eabi/12.2.0/../../../../arm-none-eabi/lib/libc.a(libc_a-closer.o): in function `_close_r':
/Volumes/data/jenkins/workspace/GNU-toolchain/arm-12-mpacbti/src/newlib-cygwin/newlib/libc/reent/closer.c:47: warning: _close is not implemented and will always fail
/Users/iridescent/iridescent/iridescentCoconutSynth2/arm-gnu-toolchain-12.2.mpacbti-bet1-darwin-x86_64-arm-none-eabi/bin/../lib/gcc/arm-none-eabi/12.2.0/../../../../arm-none-eabi/bin/ld: /Users/iridescent/iridescent/iridescentCoconutSynth2/arm-gnu-toolchain-12.2.mpacbti-bet1-darwin-x86_64-arm-none-eabi/bin/../lib/gcc/arm-none-eabi/12.2.0/../../../../arm-none-eabi/lib/libc.a(libc_a-lseekr.o): in function `_lseek_r':
/Volumes/data/jenkins/workspace/GNU-toolchain/arm-12-mpacbti/src/newlib-cygwin/newlib/libc/reent/lseekr.c:49: warning: _lseek is not implemented and will always fail
/Users/iridescent/iridescent/iridescentCoconutSynth2/arm-gnu-toolchain-12.2.mpacbti-bet1-darwin-x86_64-arm-none-eabi/bin/../lib/gcc/arm-none-eabi/12.2.0/../../../../arm-none-eabi/bin/ld: /Users/iridescent/iridescent/iridescentCoconutSynth2/arm-gnu-toolchain-12.2.mpacbti-bet1-darwin-x86_64-arm-none-eabi/bin/../lib/gcc/arm-none-eabi/12.2.0/../../../../arm-none-eabi/lib/libc.a(libc_a-readr.o): in function `_read_r':
/Volumes/data/jenkins/workspace/GNU-toolchain/arm-12-mpacbti/src/newlib-cygwin/newlib/libc/reent/readr.c:49: warning: _read is not implemented and will always fail
/Users/iridescent/iridescent/iridescentCoconutSynth2/arm-gnu-toolchain-12.2.mpacbti-bet1-darwin-x86_64-arm-none-eabi/bin/../lib/gcc/arm-none-eabi/12.2.0/../../../../arm-none-eabi/bin/ld: /Users/iridescent/iridescent/iridescentCoconutSynth2/arm-gnu-toolchain-12.2.mpacbti-bet1-darwin-x86_64-arm-none-eabi/bin/../lib/gcc/arm-none-eabi/12.2.0/../../../../arm-none-eabi/lib/libc.a(libc_a-writer.o): in function `_write_r':
/Volumes/data/jenkins/workspace/GNU-toolchain/arm-12-mpacbti/src/newlib-cygwin/newlib/libc/reent/writer.c:49: warning: _write is not implemented and will always fail
COLLECT_GCC_OPTIONS='-specs=nosys.specs' '-v' '-o' 'cmTC_402b1' '-mcpu=arm7tdmi' '-mfloat-abi=soft' '-marm' '-mlibarch=armv4t' '-march=armv4t' '-dumpdir' 'cmTC_402b1.'



Parsed C implicit include dir info from above output: rv=done
  found start of include info
  found start of implicit include info
    add: [/Users/iridescent/iridescent/iridescentCoconutSynth2/arm-gnu-toolchain-12.2.mpacbti-bet1-darwin-x86_64-arm-none-eabi/bin/../lib/gcc/arm-none-eabi/12.2.0/include]
    add: [/Users/iridescent/iridescent/iridescentCoconutSynth2/arm-gnu-toolchain-12.2.mpacbti-bet1-darwin-x86_64-arm-none-eabi/bin/../lib/gcc/arm-none-eabi/12.2.0/include-fixed]
    add: [/Users/iridescent/iridescent/iridescentCoconutSynth2/arm-gnu-toolchain-12.2.mpacbti-bet1-darwin-x86_64-arm-none-eabi/bin/../lib/gcc/arm-none-eabi/12.2.0/../../../../arm-none-eabi/include]
  end of search list found
  collapse include dir [/Users/iridescent/iridescent/iridescentCoconutSynth2/arm-gnu-toolchain-12.2.mpacbti-bet1-darwin-x86_64-arm-none-eabi/bin/../lib/gcc/arm-none-eabi/12.2.0/include] ==> [/Users/iridescent/iridescent/iridescentCoconutSynth2/arm-gnu-toolchain-12.2.mpacbti-bet1-darwin-x86_64-arm-none-eabi/lib/gcc/arm-none-eabi/12.2.0/include]
  collapse include dir [/Users/iridescent/iridescent/iridescentCoconutSynth2/arm-gnu-toolchain-12.2.mpacbti-bet1-darwin-x86_64-arm-none-eabi/bin/../lib/gcc/arm-none-eabi/12.2.0/include-fixed] ==> [/Users/iridescent/iridescent/iridescentCoconutSynth2/arm-gnu-toolchain-12.2.mpacbti-bet1-darwin-x86_64-arm-none-eabi/lib/gcc/arm-none-eabi/12.2.0/include-fixed]
  collapse include dir [/Users/iridescent/iridescent/iridescentCoconutSynth2/arm-gnu-toolchain-12.2.mpacbti-bet1-darwin-x86_64-arm-none-eabi/bin/../lib/gcc/arm-none-eabi/12.2.0/../../../../arm-none-eabi/include] ==> [/Users/iridescent/iridescent/iridescentCoconutSynth2/arm-gnu-toolchain-12.2.mpacbti-bet1-darwin-x86_64-arm-none-eabi/arm-none-eabi/include]
  implicit include dirs: [/Users/iridescent/iridescent/iridescentCoconutSynth2/arm-gnu-toolchain-12.2.mpacbti-bet1-darwin-x86_64-arm-none-eabi/lib/gcc/arm-none-eabi/12.2.0/include;/Users/iridescent/iridescent/iridescentCoconutSynth2/arm-gnu-toolchain-12.2.mpacbti-bet1-darwin-x86_64-arm-none-eabi/lib/gcc/arm-none-eabi/12.2.0/include-fixed;/Users/iridescent/iridescent/iridescentCoconutSynth2/arm-gnu-toolchain-12.2.mpacbti-bet1-darwin-x86_64-arm-none-eabi/arm-none-eabi/include]


Parsed C implicit link information from above output:
  link line regex: [^( *|.*[/\])(arm-none-eabi-ld|CMAKE_LINK_STARTFILE-NOTFOUND|([^/\]+-)?ld|collect2)[^/\]*( |$)]
  ignore line: [Change Dir: /Users/iridescent/iridescent/iridescentCoconutSynth2/iridescentmicropython/ports/libmicropython/IRIDESCENT/sdl2-compat-main/BUILD/CMakeFiles/CMakeScratch/TryCompile-eGqavH]
  ignore line: []
  ignore line: [Run Build Command(s):/usr/bin/make -f Makefile cmTC_402b1/fast && /Applications/Xcode.app/Contents/Developer/usr/bin/make  -f CMakeFiles/cmTC_402b1.dir/build.make CMakeFiles/cmTC_402b1.dir/build]
  ignore line: [Building C object CMakeFiles/cmTC_402b1.dir/CMakeCCompilerABI.c.obj]
  ignore line: [/Users/iridescent/iridescent/iridescentCoconutSynth2/arm-gnu-toolchain-12.2.mpacbti-bet1-darwin-x86_64-arm-none-eabi/bin/arm-none-eabi-gcc   -v -o CMakeFiles/cmTC_402b1.dir/CMakeCCompilerABI.c.obj -c /usr/local/Cellar/cmake/3.25.1/share/cmake/Modules/CMakeCCompilerABI.c]
  ignore line: [Using built-in specs.]
  ignore line: [COLLECT_GCC=/Users/iridescent/iridescent/iridescentCoconutSynth2/arm-gnu-toolchain-12.2.mpacbti-bet1-darwin-x86_64-arm-none-eabi/bin/arm-none-eabi-gcc]
  ignore line: [Target: arm-none-eabi]
  ignore line: [Configured with: /Volumes/data/jenkins/workspace/GNU-toolchain/arm-12-mpacbti/src/gcc/configure --target=arm-none-eabi --prefix=/Volumes/data/jenkins/workspace/GNU-toolchain/arm-12-mpacbti/build-arm-none-eabi/install --with-gmp=/Volumes/data/jenkins/workspace/GNU-toolchain/arm-12-mpacbti/build-arm-none-eabi/host-tools --with-mpfr=/Volumes/data/jenkins/workspace/GNU-toolchain/arm-12-mpacbti/build-arm-none-eabi/host-tools --with-mpc=/Volumes/data/jenkins/workspace/GNU-toolchain/arm-12-mpacbti/build-arm-none-eabi/host-tools --with-isl=/Volumes/data/jenkins/workspace/GNU-toolchain/arm-12-mpacbti/build-arm-none-eabi/host-tools --disable-shared --disable-nls --disable-threads --disable-tls --enable-checking=release --enable-languages=c,c++,fortran --with-newlib --with-gnu-as --with-gnu-ld --with-sysroot=/Volumes/data/jenkins/workspace/GNU-toolchain/arm-12-mpacbti/build-arm-none-eabi/install/arm-none-eabi --with-multilib-list=aprofile,rmprofile --with-pkgversion='Arm GNU Toolchain 12.2.MPACBTI-Bet1 (Build arm-12-mpacbti.16)' --with-bugurl=https://bugs.linaro.org/]
  ignore line: [Thread model: single]
  ignore line: [Supported LTO compression algorithms: zlib]
  ignore line: [gcc version 12.2.0 (Arm GNU Toolchain 12.2.MPACBTI-Bet1 (Build arm-12-mpacbti.16)) ]
  ignore line: [COLLECT_GCC_OPTIONS='-v' '-o' 'CMakeFiles/cmTC_402b1.dir/CMakeCCompilerABI.c.obj' '-c' '-mcpu=arm7tdmi' '-mfloat-abi=soft' '-marm' '-mlibarch=armv4t' '-march=armv4t' '-dumpdir' 'CMakeFiles/cmTC_402b1.dir/']
  ignore line: [ /Users/iridescent/iridescent/iridescentCoconutSynth2/arm-gnu-toolchain-12.2.mpacbti-bet1-darwin-x86_64-arm-none-eabi/bin/../libexec/gcc/arm-none-eabi/12.2.0/cc1 -quiet -v -iprefix /Users/iridescent/iridescent/iridescentCoconutSynth2/arm-gnu-toolchain-12.2.mpacbti-bet1-darwin-x86_64-arm-none-eabi/bin/../lib/gcc/arm-none-eabi/12.2.0/ -isysroot /Users/iridescent/iridescent/iridescentCoconutSynth2/arm-gnu-toolchain-12.2.mpacbti-bet1-darwin-x86_64-arm-none-eabi/bin/../arm-none-eabi -D__USES_INITFINI__ /usr/local/Cellar/cmake/3.25.1/share/cmake/Modules/CMakeCCompilerABI.c -quiet -dumpdir CMakeFiles/cmTC_402b1.dir/ -dumpbase CMakeCCompilerABI.c.c -dumpbase-ext .c -mcpu=arm7tdmi -mfloat-abi=soft -marm -mlibarch=armv4t -march=armv4t -version -o /var/folders/1g/xd1mblqx2xdg1yvd5mbk_b340000gn/T//ccMyH5e7.s]
  ignore line: [GNU C17 (Arm GNU Toolchain 12.2.MPACBTI-Bet1 (Build arm-12-mpacbti.16)) version 12.2.0 (arm-none-eabi)]
  ignore line: [	compiled by GNU C version Apple LLVM 12.0.0 (clang-1200.0.32.29)  GMP version 6.2.1  MPFR version 3.1.6  MPC version 1.0.3  isl version isl-0.15-1-g835ea3a-GMP]
  ignore line: []
  ignore line: [GGC heuristics: --param ggc-min-expand=100 --param ggc-min-heapsize=131072]
  ignore line: [ignoring duplicate directory "/Users/iridescent/iridescent/iridescentCoconutSynth2/arm-gnu-toolchain-12.2.mpacbti-bet1-darwin-x86_64-arm-none-eabi/bin/../lib/gcc/../../lib/gcc/arm-none-eabi/12.2.0/include"]
  ignore line: [ignoring nonexistent directory "/Users/iridescent/iridescent/iridescentCoconutSynth2/arm-gnu-toolchain-12.2.mpacbti-bet1-darwin-x86_64-arm-none-eabi/bin/../arm-none-eabi/usr/local/include"]
  ignore line: [ignoring duplicate directory "/Users/iridescent/iridescent/iridescentCoconutSynth2/arm-gnu-toolchain-12.2.mpacbti-bet1-darwin-x86_64-arm-none-eabi/bin/../lib/gcc/../../lib/gcc/arm-none-eabi/12.2.0/include-fixed"]
  ignore line: [ignoring duplicate directory "/Users/iridescent/iridescent/iridescentCoconutSynth2/arm-gnu-toolchain-12.2.mpacbti-bet1-darwin-x86_64-arm-none-eabi/bin/../lib/gcc/../../lib/gcc/arm-none-eabi/12.2.0/../../../../arm-none-eabi/include"]
  ignore line: [ignoring nonexistent directory "/Users/iridescent/iridescent/iridescentCoconutSynth2/arm-gnu-toolchain-12.2.mpacbti-bet1-darwin-x86_64-arm-none-eabi/bin/../arm-none-eabi/usr/include"]
  ignore line: [#include "..." search starts here:]
  ignore line: [#include <...> search starts here:]
  ignore line: [ /Users/iridescent/iridescent/iridescentCoconutSynth2/arm-gnu-toolchain-12.2.mpacbti-bet1-darwin-x86_64-arm-none-eabi/bin/../lib/gcc/arm-none-eabi/12.2.0/include]
  ignore line: [ /Users/iridescent/iridescent/iridescentCoconutSynth2/arm-gnu-toolchain-12.2.mpacbti-bet1-darwin-x86_64-arm-none-eabi/bin/../lib/gcc/arm-none-eabi/12.2.0/include-fixed]
  ignore line: [ /Users/iridescent/iridescent/iridescentCoconutSynth2/arm-gnu-toolchain-12.2.mpacbti-bet1-darwin-x86_64-arm-none-eabi/bin/../lib/gcc/arm-none-eabi/12.2.0/../../../../arm-none-eabi/include]
  ignore line: [End of search list.]
  ignore line: [GNU C17 (Arm GNU Toolchain 12.2.MPACBTI-Bet1 (Build arm-12-mpacbti.16)) version 12.2.0 (arm-none-eabi)]
  ignore line: [	compiled by GNU C version Apple LLVM 12.0.0 (clang-1200.0.32.29)  GMP version 6.2.1  MPFR version 3.1.6  MPC version 1.0.3  isl version isl-0.15-1-g835ea3a-GMP]
  ignore line: []
  ignore line: [GGC heuristics: --param ggc-min-expand=100 --param ggc-min-heapsize=131072]
  ignore line: [Compiler executable checksum: 64b3f98eb9eec7bc736aa55f43e531e4]
  ignore line: [COLLECT_GCC_OPTIONS='-v' '-o' 'CMakeFiles/cmTC_402b1.dir/CMakeCCompilerABI.c.obj' '-c' '-mcpu=arm7tdmi' '-mfloat-abi=soft' '-marm' '-mlibarch=armv4t' '-march=armv4t' '-dumpdir' 'CMakeFiles/cmTC_402b1.dir/']
  ignore line: [ /Users/iridescent/iridescent/iridescentCoconutSynth2/arm-gnu-toolchain-12.2.mpacbti-bet1-darwin-x86_64-arm-none-eabi/bin/../lib/gcc/arm-none-eabi/12.2.0/../../../../arm-none-eabi/bin/as -v -march=armv4t -mfloat-abi=soft -meabi=5 -o CMakeFiles/cmTC_402b1.dir/CMakeCCompilerABI.c.obj /var/folders/1g/xd1mblqx2xdg1yvd5mbk_b340000gn/T//ccMyH5e7.s]
  ignore line: [GNU assembler version 2.39.50 (arm-none-eabi) using BFD version (Arm GNU Toolchain 12.2.MPACBTI-Bet1 (Build arm-12-mpacbti.16)) 2.39.50.20220821]
  ignore line: [COMPILER_PATH=/Users/iridescent/iridescent/iridescentCoconutSynth2/arm-gnu-toolchain-12.2.mpacbti-bet1-darwin-x86_64-arm-none-eabi/bin/../libexec/gcc/arm-none-eabi/12.2.0/:/Users/iridescent/iridescent/iridescentCoconutSynth2/arm-gnu-toolchain-12.2.mpacbti-bet1-darwin-x86_64-arm-none-eabi/bin/../libexec/gcc/:/Users/iridescent/iridescent/iridescentCoconutSynth2/arm-gnu-toolchain-12.2.mpacbti-bet1-darwin-x86_64-arm-none-eabi/bin/../lib/gcc/arm-none-eabi/12.2.0/../../../../arm-none-eabi/bin/]
  ignore line: [LIBRARY_PATH=/Users/iridescent/iridescent/iridescentCoconutSynth2/arm-gnu-toolchain-12.2.mpacbti-bet1-darwin-x86_64-arm-none-eabi/bin/../lib/gcc/arm-none-eabi/12.2.0/:/Users/iridescent/iridescent/iridescentCoconutSynth2/arm-gnu-toolchain-12.2.mpacbti-bet1-darwin-x86_64-arm-none-eabi/bin/../lib/gcc/:/Users/iridescent/iridescent/iridescentCoconutSynth2/arm-gnu-toolchain-12.2.mpacbti-bet1-darwin-x86_64-arm-none-eabi/bin/../lib/gcc/arm-none-eabi/12.2.0/../../../../arm-none-eabi/lib/:/Users/iridescent/iridescent/iridescentCoconutSynth2/arm-gnu-toolchain-12.2.mpacbti-bet1-darwin-x86_64-arm-none-eabi/bin/../arm-none-eabi/lib/]
  ignore line: [COLLECT_GCC_OPTIONS='-v' '-o' 'CMakeFiles/cmTC_402b1.dir/CMakeCCompilerABI.c.obj' '-c' '-mcpu=arm7tdmi' '-mfloat-abi=soft' '-marm' '-mlibarch=armv4t' '-march=armv4t' '-dumpdir' 'CMakeFiles/cmTC_402b1.dir/CMakeCCompilerABI.c.']
  ignore line: [Linking C executable cmTC_402b1]
  ignore line: [/usr/local/Cellar/cmake/3.25.1/bin/cmake -E cmake_link_script CMakeFiles/cmTC_402b1.dir/link.txt --verbose=1]
  ignore line: [/Users/iridescent/iridescent/iridescentCoconutSynth2/arm-gnu-toolchain-12.2.mpacbti-bet1-darwin-x86_64-arm-none-eabi/bin/arm-none-eabi-gcc --specs=nosys.specs -v CMakeFiles/cmTC_402b1.dir/CMakeCCompilerABI.c.obj -o cmTC_402b1 ]
  ignore line: [Using built-in specs.]
  ignore line: [Reading specs from /Users/iridescent/iridescent/iridescentCoconutSynth2/arm-gnu-toolchain-12.2.mpacbti-bet1-darwin-x86_64-arm-none-eabi/bin/../lib/gcc/arm-none-eabi/12.2.0/../../../../arm-none-eabi/lib/nosys.specs]
  ignore line: [rename spec link_gcc_c_sequence to nosys_link_gcc_c_sequence]
  ignore line: [COLLECT_GCC=/Users/iridescent/iridescent/iridescentCoconutSynth2/arm-gnu-toolchain-12.2.mpacbti-bet1-darwin-x86_64-arm-none-eabi/bin/arm-none-eabi-gcc]
  ignore line: [COLLECT_LTO_WRAPPER=/Users/iridescent/iridescent/iridescentCoconutSynth2/arm-gnu-toolchain-12.2.mpacbti-bet1-darwin-x86_64-arm-none-eabi/bin/../libexec/gcc/arm-none-eabi/12.2.0/lto-wrapper]
  ignore line: [Target: arm-none-eabi]
  ignore line: [Configured with: /Volumes/data/jenkins/workspace/GNU-toolchain/arm-12-mpacbti/src/gcc/configure --target=arm-none-eabi --prefix=/Volumes/data/jenkins/workspace/GNU-toolchain/arm-12-mpacbti/build-arm-none-eabi/install --with-gmp=/Volumes/data/jenkins/workspace/GNU-toolchain/arm-12-mpacbti/build-arm-none-eabi/host-tools --with-mpfr=/Volumes/data/jenkins/workspace/GNU-toolchain/arm-12-mpacbti/build-arm-none-eabi/host-tools --with-mpc=/Volumes/data/jenkins/workspace/GNU-toolchain/arm-12-mpacbti/build-arm-none-eabi/host-tools --with-isl=/Volumes/data/jenkins/workspace/GNU-toolchain/arm-12-mpacbti/build-arm-none-eabi/host-tools --disable-shared --disable-nls --disable-threads --disable-tls --enable-checking=release --enable-languages=c,c++,fortran --with-newlib --with-gnu-as --with-gnu-ld --with-sysroot=/Volumes/data/jenkins/workspace/GNU-toolchain/arm-12-mpacbti/build-arm-none-eabi/install/arm-none-eabi --with-multilib-list=aprofile,rmprofile --with-pkgversion='Arm GNU Toolchain 12.2.MPACBTI-Bet1 (Build arm-12-mpacbti.16)' --with-bugurl=https://bugs.linaro.org/]
  ignore line: [Thread model: single]
  ignore line: [Supported LTO compression algorithms: zlib]
  ignore line: [gcc version 12.2.0 (Arm GNU Toolchain 12.2.MPACBTI-Bet1 (Build arm-12-mpacbti.16)) ]
  ignore line: [COMPILER_PATH=/Users/iridescent/iridescent/iridescentCoconutSynth2/arm-gnu-toolchain-12.2.mpacbti-bet1-darwin-x86_64-arm-none-eabi/bin/../libexec/gcc/arm-none-eabi/12.2.0/:/Users/iridescent/iridescent/iridescentCoconutSynth2/arm-gnu-toolchain-12.2.mpacbti-bet1-darwin-x86_64-arm-none-eabi/bin/../libexec/gcc/:/Users/iridescent/iridescent/iridescentCoconutSynth2/arm-gnu-toolchain-12.2.mpacbti-bet1-darwin-x86_64-arm-none-eabi/bin/../lib/gcc/arm-none-eabi/12.2.0/../../../../arm-none-eabi/bin/]
  ignore line: [LIBRARY_PATH=/Users/iridescent/iridescent/iridescentCoconutSynth2/arm-gnu-toolchain-12.2.mpacbti-bet1-darwin-x86_64-arm-none-eabi/bin/../lib/gcc/arm-none-eabi/12.2.0/:/Users/iridescent/iridescent/iridescentCoconutSynth2/arm-gnu-toolchain-12.2.mpacbti-bet1-darwin-x86_64-arm-none-eabi/bin/../lib/gcc/:/Users/iridescent/iridescent/iridescentCoconutSynth2/arm-gnu-toolchain-12.2.mpacbti-bet1-darwin-x86_64-arm-none-eabi/bin/../lib/gcc/arm-none-eabi/12.2.0/../../../../arm-none-eabi/lib/:/Users/iridescent/iridescent/iridescentCoconutSynth2/arm-gnu-toolchain-12.2.mpacbti-bet1-darwin-x86_64-arm-none-eabi/bin/../arm-none-eabi/lib/]
  ignore line: [COLLECT_GCC_OPTIONS='-specs=nosys.specs' '-v' '-o' 'cmTC_402b1' '-mcpu=arm7tdmi' '-mfloat-abi=soft' '-marm' '-mlibarch=armv4t' '-march=armv4t' '-dumpdir' 'cmTC_402b1.']
  link line: [ /Users/iridescent/iridescent/iridescentCoconutSynth2/arm-gnu-toolchain-12.2.mpacbti-bet1-darwin-x86_64-arm-none-eabi/bin/../libexec/gcc/arm-none-eabi/12.2.0/collect2 -plugin /Users/iridescent/iridescent/iridescentCoconutSynth2/arm-gnu-toolchain-12.2.mpacbti-bet1-darwin-x86_64-arm-none-eabi/bin/../libexec/gcc/arm-none-eabi/12.2.0/liblto_plugin.so -plugin-opt=/Users/iridescent/iridescent/iridescentCoconutSynth2/arm-gnu-toolchain-12.2.mpacbti-bet1-darwin-x86_64-arm-none-eabi/bin/../libexec/gcc/arm-none-eabi/12.2.0/lto-wrapper -plugin-opt=-fresolution=/var/folders/1g/xd1mblqx2xdg1yvd5mbk_b340000gn/T//cc4ytC9B.res -plugin-opt=-pass-through=-lgcc -plugin-opt=-pass-through=-lc -plugin-opt=-pass-through=-lgcc -plugin-opt=-pass-through=-lc -plugin-opt=-pass-through=-lnosys --sysroot=/Users/iridescent/iridescent/iridescentCoconutSynth2/arm-gnu-toolchain-12.2.mpacbti-bet1-darwin-x86_64-arm-none-eabi/bin/../arm-none-eabi -X -o cmTC_402b1 /Users/iridescent/iridescent/iridescentCoconutSynth2/arm-gnu-toolchain-12.2.mpacbti-bet1-darwin-x86_64-arm-none-eabi/bin/../lib/gcc/arm-none-eabi/12.2.0/crti.o /Users/iridescent/iridescent/iridescentCoconutSynth2/arm-gnu-toolchain-12.2.mpacbti-bet1-darwin-x86_64-arm-none-eabi/bin/../lib/gcc/arm-none-eabi/12.2.0/crtbegin.o /Users/iridescent/iridescent/iridescentCoconutSynth2/arm-gnu-toolchain-12.2.mpacbti-bet1-darwin-x86_64-arm-none-eabi/bin/../lib/gcc/arm-none-eabi/12.2.0/../../../../arm-none-eabi/lib/crt0.o -L/Users/iridescent/iridescent/iridescentCoconutSynth2/arm-gnu-toolchain-12.2.mpacbti-bet1-darwin-x86_64-arm-none-eabi/bin/../lib/gcc/arm-none-eabi/12.2.0 -L/Users/iridescent/iridescent/iridescentCoconutSynth2/arm-gnu-toolchain-12.2.mpacbti-bet1-darwin-x86_64-arm-none-eabi/bin/../lib/gcc -L/Users/iridescent/iridescent/iridescentCoconutSynth2/arm-gnu-toolchain-12.2.mpacbti-bet1-darwin-x86_64-arm-none-eabi/bin/../lib/gcc/arm-none-eabi/12.2.0/../../../../arm-none-eabi/lib -L/Users/iridescent/iridescent/iridescentCoconutSynth2/arm-gnu-toolchain-12.2.mpacbti-bet1-darwin-x86_64-arm-none-eabi/bin/../arm-none-eabi/lib CMakeFiles/cmTC_402b1.dir/CMakeCCompilerABI.c.obj --start-group -lgcc -lc --end-group --start-group -lgcc -lc -lnosys --end-group /Users/iridescent/iridescent/iridescentCoconutSynth2/arm-gnu-toolchain-12.2.mpacbti-bet1-darwin-x86_64-arm-none-eabi/bin/../lib/gcc/arm-none-eabi/12.2.0/crtend.o /Users/iridescent/iridescent/iridescentCoconutSynth2/arm-gnu-toolchain-12.2.mpacbti-bet1-darwin-x86_64-arm-none-eabi/bin/../lib/gcc/arm-none-eabi/12.2.0/crtn.o]
    arg [/Users/iridescent/iridescent/iridescentCoconutSynth2/arm-gnu-toolchain-12.2.mpacbti-bet1-darwin-x86_64-arm-none-eabi/bin/../libexec/gcc/arm-none-eabi/12.2.0/collect2] ==> ignore
    arg [-plugin] ==> ignore
    arg [/Users/iridescent/iridescent/iridescentCoconutSynth2/arm-gnu-toolchain-12.2.mpacbti-bet1-darwin-x86_64-arm-none-eabi/bin/../libexec/gcc/arm-none-eabi/12.2.0/liblto_plugin.so] ==> ignore
    arg [-plugin-opt=/Users/iridescent/iridescent/iridescentCoconutSynth2/arm-gnu-toolchain-12.2.mpacbti-bet1-darwin-x86_64-arm-none-eabi/bin/../libexec/gcc/arm-none-eabi/12.2.0/lto-wrapper] ==> ignore
    arg [-plugin-opt=-fresolution=/var/folders/1g/xd1mblqx2xdg1yvd5mbk_b340000gn/T//cc4ytC9B.res] ==> ignore
    arg [-plugin-opt=-pass-through=-lgcc] ==> ignore
    arg [-plugin-opt=-pass-through=-lc] ==> ignore
    arg [-plugin-opt=-pass-through=-lgcc] ==> ignore
    arg [-plugin-opt=-pass-through=-lc] ==> ignore
    arg [-plugin-opt=-pass-through=-lnosys] ==> ignore
    arg [--sysroot=/Users/iridescent/iridescent/iridescentCoconutSynth2/arm-gnu-toolchain-12.2.mpacbti-bet1-darwin-x86_64-arm-none-eabi/bin/../arm-none-eabi] ==> ignore
    arg [-X] ==> ignore
    arg [-o] ==> ignore
    arg [cmTC_402b1] ==> ignore
    arg [/Users/iridescent/iridescent/iridescentCoconutSynth2/arm-gnu-toolchain-12.2.mpacbti-bet1-darwin-x86_64-arm-none-eabi/bin/../lib/gcc/arm-none-eabi/12.2.0/crti.o] ==> obj [/Users/iridescent/iridescent/iridescentCoconutSynth2/arm-gnu-toolchain-12.2.mpacbti-bet1-darwin-x86_64-arm-none-eabi/bin/../lib/gcc/arm-none-eabi/12.2.0/crti.o]
    arg [/Users/iridescent/iridescent/iridescentCoconutSynth2/arm-gnu-toolchain-12.2.mpacbti-bet1-darwin-x86_64-arm-none-eabi/bin/../lib/gcc/arm-none-eabi/12.2.0/crtbegin.o] ==> obj [/Users/iridescent/iridescent/iridescentCoconutSynth2/arm-gnu-toolchain-12.2.mpacbti-bet1-darwin-x86_64-arm-none-eabi/bin/../lib/gcc/arm-none-eabi/12.2.0/crtbegin.o]
    arg [/Users/iridescent/iridescent/iridescentCoconutSynth2/arm-gnu-toolchain-12.2.mpacbti-bet1-darwin-x86_64-arm-none-eabi/bin/../lib/gcc/arm-none-eabi/12.2.0/../../../../arm-none-eabi/lib/crt0.o] ==> obj [/Users/iridescent/iridescent/iridescentCoconutSynth2/arm-gnu-toolchain-12.2.mpacbti-bet1-darwin-x86_64-arm-none-eabi/bin/../lib/gcc/arm-none-eabi/12.2.0/../../../../arm-none-eabi/lib/crt0.o]
    arg [-L/Users/iridescent/iridescent/iridescentCoconutSynth2/arm-gnu-toolchain-12.2.mpacbti-bet1-darwin-x86_64-arm-none-eabi/bin/../lib/gcc/arm-none-eabi/12.2.0] ==> dir [/Users/iridescent/iridescent/iridescentCoconutSynth2/arm-gnu-toolchain-12.2.mpacbti-bet1-darwin-x86_64-arm-none-eabi/bin/../lib/gcc/arm-none-eabi/12.2.0]
    arg [-L/Users/iridescent/iridescent/iridescentCoconutSynth2/arm-gnu-toolchain-12.2.mpacbti-bet1-darwin-x86_64-arm-none-eabi/bin/../lib/gcc] ==> dir [/Users/iridescent/iridescent/iridescentCoconutSynth2/arm-gnu-toolchain-12.2.mpacbti-bet1-darwin-x86_64-arm-none-eabi/bin/../lib/gcc]
    arg [-L/Users/iridescent/iridescent/iridescentCoconutSynth2/arm-gnu-toolchain-12.2.mpacbti-bet1-darwin-x86_64-arm-none-eabi/bin/../lib/gcc/arm-none-eabi/12.2.0/../../../../arm-none-eabi/lib] ==> dir [/Users/iridescent/iridescent/iridescentCoconutSynth2/arm-gnu-toolchain-12.2.mpacbti-bet1-darwin-x86_64-arm-none-eabi/bin/../lib/gcc/arm-none-eabi/12.2.0/../../../../arm-none-eabi/lib]
    arg [-L/Users/iridescent/iridescent/iridescentCoconutSynth2/arm-gnu-toolchain-12.2.mpacbti-bet1-darwin-x86_64-arm-none-eabi/bin/../arm-none-eabi/lib] ==> dir [/Users/iridescent/iridescent/iridescentCoconutSynth2/arm-gnu-toolchain-12.2.mpacbti-bet1-darwin-x86_64-arm-none-eabi/bin/../arm-none-eabi/lib]
    arg [CMakeFiles/cmTC_402b1.dir/CMakeCCompilerABI.c.obj] ==> ignore
    arg [--start-group] ==> ignore
    arg [-lgcc] ==> lib [gcc]
    arg [-lc] ==> lib [c]
    arg [--end-group] ==> ignore
    arg [--start-group] ==> ignore
    arg [-lgcc] ==> lib [gcc]
    arg [-lc] ==> lib [c]
    arg [-lnosys] ==> lib [nosys]
    arg [--end-group] ==> ignore
    arg [/Users/iridescent/iridescent/iridescentCoconutSynth2/arm-gnu-toolchain-12.2.mpacbti-bet1-darwin-x86_64-arm-none-eabi/bin/../lib/gcc/arm-none-eabi/12.2.0/crtend.o] ==> obj [/Users/iridescent/iridescent/iridescentCoconutSynth2/arm-gnu-toolchain-12.2.mpacbti-bet1-darwin-x86_64-arm-none-eabi/bin/../lib/gcc/arm-none-eabi/12.2.0/crtend.o]
    arg [/Users/iridescent/iridescent/iridescentCoconutSynth2/arm-gnu-toolchain-12.2.mpacbti-bet1-darwin-x86_64-arm-none-eabi/bin/../lib/gcc/arm-none-eabi/12.2.0/crtn.o] ==> obj [/Users/iridescent/iridescent/iridescentCoconutSynth2/arm-gnu-toolchain-12.2.mpacbti-bet1-darwin-x86_64-arm-none-eabi/bin/../lib/gcc/arm-none-eabi/12.2.0/crtn.o]
  collapse obj [/Users/iridescent/iridescent/iridescentCoconutSynth2/arm-gnu-toolchain-12.2.mpacbti-bet1-darwin-x86_64-arm-none-eabi/bin/../lib/gcc/arm-none-eabi/12.2.0/crti.o] ==> [/Users/iridescent/iridescent/iridescentCoconutSynth2/arm-gnu-toolchain-12.2.mpacbti-bet1-darwin-x86_64-arm-none-eabi/lib/gcc/arm-none-eabi/12.2.0/crti.o]
  collapse obj [/Users/iridescent/iridescent/iridescentCoconutSynth2/arm-gnu-toolchain-12.2.mpacbti-bet1-darwin-x86_64-arm-none-eabi/bin/../lib/gcc/arm-none-eabi/12.2.0/crtbegin.o] ==> [/Users/iridescent/iridescent/iridescentCoconutSynth2/arm-gnu-toolchain-12.2.mpacbti-bet1-darwin-x86_64-arm-none-eabi/lib/gcc/arm-none-eabi/12.2.0/crtbegin.o]
  collapse obj [/Users/iridescent/iridescent/iridescentCoconutSynth2/arm-gnu-toolchain-12.2.mpacbti-bet1-darwin-x86_64-arm-none-eabi/bin/../lib/gcc/arm-none-eabi/12.2.0/../../../../arm-none-eabi/lib/crt0.o] ==> [/Users/iridescent/iridescent/iridescentCoconutSynth2/arm-gnu-toolchain-12.2.mpacbti-bet1-darwin-x86_64-arm-none-eabi/arm-none-eabi/lib/crt0.o]
  collapse obj [/Users/iridescent/iridescent/iridescentCoconutSynth2/arm-gnu-toolchain-12.2.mpacbti-bet1-darwin-x86_64-arm-none-eabi/bin/../lib/gcc/arm-none-eabi/12.2.0/crtend.o] ==> [/Users/iridescent/iridescent/iridescentCoconutSynth2/arm-gnu-toolchain-12.2.mpacbti-bet1-darwin-x86_64-arm-none-eabi/lib/gcc/arm-none-eabi/12.2.0/crtend.o]
  collapse obj [/Users/iridescent/iridescent/iridescentCoconutSynth2/arm-gnu-toolchain-12.2.mpacbti-bet1-darwin-x86_64-arm-none-eabi/bin/../lib/gcc/arm-none-eabi/12.2.0/crtn.o] ==> [/Users/iridescent/iridescent/iridescentCoconutSynth2/arm-gnu-toolchain-12.2.mpacbti-bet1-darwin-x86_64-arm-none-eabi/lib/gcc/arm-none-eabi/12.2.0/crtn.o]
  collapse library dir [/Users/iridescent/iridescent/iridescentCoconutSynth2/arm-gnu-toolchain-12.2.mpacbti-bet1-darwin-x86_64-arm-none-eabi/bin/../lib/gcc/arm-none-eabi/12.2.0] ==> [/Users/iridescent/iridescent/iridescentCoconutSynth2/arm-gnu-toolchain-12.2.mpacbti-bet1-darwin-x86_64-arm-none-eabi/lib/gcc/arm-none-eabi/12.2.0]
  collapse library dir [/Users/iridescent/iridescent/iridescentCoconutSynth2/arm-gnu-toolchain-12.2.mpacbti-bet1-darwin-x86_64-arm-none-eabi/bin/../lib/gcc] ==> [/Users/iridescent/iridescent/iridescentCoconutSynth2/arm-gnu-toolchain-12.2.mpacbti-bet1-darwin-x86_64-arm-none-eabi/lib/gcc]
  collapse library dir [/Users/iridescent/iridescent/iridescentCoconutSynth2/arm-gnu-toolchain-12.2.mpacbti-bet1-darwin-x86_64-arm-none-eabi/bin/../lib/gcc/arm-none-eabi/12.2.0/../../../../arm-none-eabi/lib] ==> [/Users/iridescent/iridescent/iridescentCoconutSynth2/arm-gnu-toolchain-12.2.mpacbti-bet1-darwin-x86_64-arm-none-eabi/arm-none-eabi/lib]
  collapse library dir [/Users/iridescent/iridescent/iridescentCoconutSynth2/arm-gnu-toolchain-12.2.mpacbti-bet1-darwin-x86_64-arm-none-eabi/bin/../arm-none-eabi/lib] ==> [/Users/iridescent/iridescent/iridescentCoconutSynth2/arm-gnu-toolchain-12.2.mpacbti-bet1-darwin-x86_64-arm-none-eabi/arm-none-eabi/lib]
  implicit libs: [gcc;c;gcc;c;nosys]
  implicit objs: [/Users/iridescent/iridescent/iridescentCoconutSynth2/arm-gnu-toolchain-12.2.mpacbti-bet1-darwin-x86_64-arm-none-eabi/lib/gcc/arm-none-eabi/12.2.0/crti.o;/Users/iridescent/iridescent/iridescentCoconutSynth2/arm-gnu-toolchain-12.2.mpacbti-bet1-darwin-x86_64-arm-none-eabi/lib/gcc/arm-none-eabi/12.2.0/crtbegin.o;/Users/iridescent/iridescent/iridescentCoconutSynth2/arm-gnu-toolchain-12.2.mpacbti-bet1-darwin-x86_64-arm-none-eabi/arm-none-eabi/lib/crt0.o;/Users/iridescent/iridescent/iridescentCoconutSynth2/arm-gnu-toolchain-12.2.mpacbti-bet1-darwin-x86_64-arm-none-eabi/lib/gcc/arm-none-eabi/12.2.0/crtend.o;/Users/iridescent/iridescent/iridescentCoconutSynth2/arm-gnu-toolchain-12.2.mpacbti-bet1-darwin-x86_64-arm-none-eabi/lib/gcc/arm-none-eabi/12.2.0/crtn.o]
  implicit dirs: [/Users/iridescent/iridescent/iridescentCoconutSynth2/arm-gnu-toolchain-12.2.mpacbti-bet1-darwin-x86_64-arm-none-eabi/lib/gcc/arm-none-eabi/12.2.0;/Users/iridescent/iridescent/iridescentCoconutSynth2/arm-gnu-toolchain-12.2.mpacbti-bet1-darwin-x86_64-arm-none-eabi/lib/gcc;/Users/iridescent/iridescent/iridescentCoconutSynth2/arm-gnu-toolchain-12.2.mpacbti-bet1-darwin-x86_64-arm-none-eabi/arm-none-eabi/lib]
  implicit fwks: []


Performing C SOURCE FILE Test HAVE_NO_UNDEFINED succeeded with the following output:
Change Dir: /Users/iridescent/iridescent/iridescentCoconutSynth2/iridescentmicropython/ports/libmicropython/IRIDESCENT/sdl2-compat-main/BUILD/CMakeFiles/CMakeScratch/TryCompile-02cEKU

Run Build Command(s):/usr/bin/make -f Makefile cmTC_f9b38/fast && /Applications/Xcode.app/Contents/Developer/usr/bin/make  -f CMakeFiles/cmTC_f9b38.dir/build.make CMakeFiles/cmTC_f9b38.dir/build
Building C object CMakeFiles/cmTC_f9b38.dir/src.c.obj
/Users/iridescent/iridescent/iridescentCoconutSynth2/arm-gnu-toolchain-12.2.mpacbti-bet1-darwin-x86_64-arm-none-eabi/bin/arm-none-eabi-gcc -DHAVE_NO_UNDEFINED  -O2 -Wl,--cref,--gc-sections,--copy-dt-needed-entries,--print-memory-usage,-Map=CMakeFiles/cmTC_f9b38.dir/src.c.obj.map -o CMakeFiles/cmTC_f9b38.dir/src.c.obj -c /Users/iridescent/iridescent/iridescentCoconutSynth2/iridescentmicropython/ports/libmicropython/IRIDESCENT/sdl2-compat-main/BUILD/CMakeFiles/CMakeScratch/TryCompile-02cEKU/src.c
Linking C executable cmTC_f9b38
/usr/local/Cellar/cmake/3.25.1/bin/cmake -E cmake_link_script CMakeFiles/cmTC_f9b38.dir/link.txt --verbose=1
/Users/iridescent/iridescent/iridescentCoconutSynth2/arm-gnu-toolchain-12.2.mpacbti-bet1-darwin-x86_64-arm-none-eabi/bin/arm-none-eabi-gcc  -O2 -Wl,--cref,--gc-sections,--copy-dt-needed-entries,--print-memory-usage,-Map=$@.map --specs=nosys.specs  CMakeFiles/cmTC_f9b38.dir/src.c.obj -o cmTC_f9b38 
/Users/iridescent/iridescent/iridescentCoconutSynth2/arm-gnu-toolchain-12.2.mpacbti-bet1-darwin-x86_64-arm-none-eabi/bin/../lib/gcc/arm-none-eabi/12.2.0/../../../../arm-none-eabi/bin/ld: /Users/iridescent/iridescent/iridescentCoconutSynth2/arm-gnu-toolchain-12.2.mpacbti-bet1-darwin-x86_64-arm-none-eabi/bin/../lib/gcc/arm-none-eabi/12.2.0/../../../../arm-none-eabi/lib/libc.a(libc_a-closer.o): in function `_close_r':
/Volumes/data/jenkins/workspace/GNU-toolchain/arm-12-mpacbti/src/newlib-cygwin/newlib/libc/reent/closer.c:47: warning: _close is not implemented and will always fail
/Users/iridescent/iridescent/iridescentCoconutSynth2/arm-gnu-toolchain-12.2.mpacbti-bet1-darwin-x86_64-arm-none-eabi/bin/../lib/gcc/arm-none-eabi/12.2.0/../../../../arm-none-eabi/bin/ld: /Users/iridescent/iridescent/iridescentCoconutSynth2/arm-gnu-toolchain-12.2.mpacbti-bet1-darwin-x86_64-arm-none-eabi/bin/../lib/gcc/arm-none-eabi/12.2.0/../../../../arm-none-eabi/lib/libc.a(libc_a-lseekr.o): in function `_lseek_r':
/Volumes/data/jenkins/workspace/GNU-toolchain/arm-12-mpacbti/src/newlib-cygwin/newlib/libc/reent/lseekr.c:49: warning: _lseek is not implemented and will always fail
/Users/iridescent/iridescent/iridescentCoconutSynth2/arm-gnu-toolchain-12.2.mpacbti-bet1-darwin-x86_64-arm-none-eabi/bin/../lib/gcc/arm-none-eabi/12.2.0/../../../../arm-none-eabi/bin/ld: /Users/iridescent/iridescent/iridescentCoconutSynth2/arm-gnu-toolchain-12.2.mpacbti-bet1-darwin-x86_64-arm-none-eabi/bin/../lib/gcc/arm-none-eabi/12.2.0/../../../../arm-none-eabi/lib/libc.a(libc_a-readr.o): in function `_read_r':
/Volumes/data/jenkins/workspace/GNU-toolchain/arm-12-mpacbti/src/newlib-cygwin/newlib/libc/reent/readr.c:49: warning: _read is not implemented and will always fail
/Users/iridescent/iridescent/iridescentCoconutSynth2/arm-gnu-toolchain-12.2.mpacbti-bet1-darwin-x86_64-arm-none-eabi/bin/../lib/gcc/arm-none-eabi/12.2.0/../../../../arm-none-eabi/bin/ld: /Users/iridescent/iridescent/iridescentCoconutSynth2/arm-gnu-toolchain-12.2.mpacbti-bet1-darwin-x86_64-arm-none-eabi/bin/../lib/gcc/arm-none-eabi/12.2.0/../../../../arm-none-eabi/lib/libc.a(libc_a-writer.o): in function `_write_r':
/Volumes/data/jenkins/workspace/GNU-toolchain/arm-12-mpacbti/src/newlib-cygwin/newlib/libc/reent/writer.c:49: warning: _write is not implemented and will always fail
Memory region         Used Size  Region Size  %age Used


Source file was:
int main(void) { return 0; }

Performing C SOURCE FILE Test HAVE_FVISIBILITY_HIDDEN succeeded with the following output:
Change Dir: /Users/iridescent/iridescent/iridescentCoconutSynth2/iridescentmicropython/ports/libmicropython/IRIDESCENT/sdl2-compat-main/BUILD/CMakeFiles/CMakeScratch/TryCompile-SLH4ZN

Run Build Command(s):/usr/bin/make -f Makefile cmTC_ecc80/fast && /Applications/Xcode.app/Contents/Developer/usr/bin/make  -f CMakeFiles/cmTC_ecc80.dir/build.make CMakeFiles/cmTC_ecc80.dir/build
Building C object CMakeFiles/cmTC_ecc80.dir/src.c.obj
/Users/iridescent/iridescent/iridescentCoconutSynth2/arm-gnu-toolchain-12.2.mpacbti-bet1-darwin-x86_64-arm-none-eabi/bin/arm-none-eabi-gcc -DHAVE_FVISIBILITY_HIDDEN  -fvisibility=hidden -o CMakeFiles/cmTC_ecc80.dir/src.c.obj -c /Users/iridescent/iridescent/iridescentCoconutSynth2/iridescentmicropython/ports/libmicropython/IRIDESCENT/sdl2-compat-main/BUILD/CMakeFiles/CMakeScratch/TryCompile-SLH4ZN/src.c
Linking C executable cmTC_ecc80
/usr/local/Cellar/cmake/3.25.1/bin/cmake -E cmake_link_script CMakeFiles/cmTC_ecc80.dir/link.txt --verbose=1
/Users/iridescent/iridescent/iridescentCoconutSynth2/arm-gnu-toolchain-12.2.mpacbti-bet1-darwin-x86_64-arm-none-eabi/bin/arm-none-eabi-gcc --specs=nosys.specs  CMakeFiles/cmTC_ecc80.dir/src.c.obj -o cmTC_ecc80 
/Users/iridescent/iridescent/iridescentCoconutSynth2/arm-gnu-toolchain-12.2.mpacbti-bet1-darwin-x86_64-arm-none-eabi/bin/../lib/gcc/arm-none-eabi/12.2.0/../../../../arm-none-eabi/bin/ld: /Users/iridescent/iridescent/iridescentCoconutSynth2/arm-gnu-toolchain-12.2.mpacbti-bet1-darwin-x86_64-arm-none-eabi/bin/../lib/gcc/arm-none-eabi/12.2.0/../../../../arm-none-eabi/lib/libc.a(libc_a-closer.o): in function `_close_r':
/Volumes/data/jenkins/workspace/GNU-toolchain/arm-12-mpacbti/src/newlib-cygwin/newlib/libc/reent/closer.c:47: warning: _close is not implemented and will always fail
/Users/iridescent/iridescent/iridescentCoconutSynth2/arm-gnu-toolchain-12.2.mpacbti-bet1-darwin-x86_64-arm-none-eabi/bin/../lib/gcc/arm-none-eabi/12.2.0/../../../../arm-none-eabi/bin/ld: /Users/iridescent/iridescent/iridescentCoconutSynth2/arm-gnu-toolchain-12.2.mpacbti-bet1-darwin-x86_64-arm-none-eabi/bin/../lib/gcc/arm-none-eabi/12.2.0/../../../../arm-none-eabi/lib/libc.a(libc_a-lseekr.o): in function `_lseek_r':
/Volumes/data/jenkins/workspace/GNU-toolchain/arm-12-mpacbti/src/newlib-cygwin/newlib/libc/reent/lseekr.c:49: warning: _lseek is not implemented and will always fail
/Users/iridescent/iridescent/iridescentCoconutSynth2/arm-gnu-toolchain-12.2.mpacbti-bet1-darwin-x86_64-arm-none-eabi/bin/../lib/gcc/arm-none-eabi/12.2.0/../../../../arm-none-eabi/bin/ld: /Users/iridescent/iridescent/iridescentCoconutSynth2/arm-gnu-toolchain-12.2.mpacbti-bet1-darwin-x86_64-arm-none-eabi/bin/../lib/gcc/arm-none-eabi/12.2.0/../../../../arm-none-eabi/lib/libc.a(libc_a-readr.o): in function `_read_r':
/Volumes/data/jenkins/workspace/GNU-toolchain/arm-12-mpacbti/src/newlib-cygwin/newlib/libc/reent/readr.c:49: warning: _read is not implemented and will always fail
/Users/iridescent/iridescent/iridescentCoconutSynth2/arm-gnu-toolchain-12.2.mpacbti-bet1-darwin-x86_64-arm-none-eabi/bin/../lib/gcc/arm-none-eabi/12.2.0/../../../../arm-none-eabi/bin/ld: /Users/iridescent/iridescent/iridescentCoconutSynth2/arm-gnu-toolchain-12.2.mpacbti-bet1-darwin-x86_64-arm-none-eabi/bin/../lib/gcc/arm-none-eabi/12.2.0/../../../../arm-none-eabi/lib/libc.a(libc_a-writer.o): in function `_write_r':
/Volumes/data/jenkins/workspace/GNU-toolchain/arm-12-mpacbti/src/newlib-cygwin/newlib/libc/reent/writer.c:49: warning: _write is not implemented and will always fail


Source file was:
int main(void) { return 0; }

Performing C SOURCE FILE Test HAVE_WDECLARATION_AFTER_STATEMENT succeeded with the following output:
Change Dir: /Users/iridescent/iridescent/iridescentCoconutSynth2/iridescentmicropython/ports/libmicropython/IRIDESCENT/sdl2-compat-main/BUILD/CMakeFiles/CMakeScratch/TryCompile-oupcGd

Run Build Command(s):/usr/bin/make -f Makefile cmTC_cf3c0/fast && /Applications/Xcode.app/Contents/Developer/usr/bin/make  -f CMakeFiles/cmTC_cf3c0.dir/build.make CMakeFiles/cmTC_cf3c0.dir/build
Building C object CMakeFiles/cmTC_cf3c0.dir/src.c.obj
/Users/iridescent/iridescent/iridescentCoconutSynth2/arm-gnu-toolchain-12.2.mpacbti-bet1-darwin-x86_64-arm-none-eabi/bin/arm-none-eabi-gcc -DHAVE_WDECLARATION_AFTER_STATEMENT  -Wdeclaration-after-statement -o CMakeFiles/cmTC_cf3c0.dir/src.c.obj -c /Users/iridescent/iridescent/iridescentCoconutSynth2/iridescentmicropython/ports/libmicropython/IRIDESCENT/sdl2-compat-main/BUILD/CMakeFiles/CMakeScratch/TryCompile-oupcGd/src.c
Linking C executable cmTC_cf3c0
/usr/local/Cellar/cmake/3.25.1/bin/cmake -E cmake_link_script CMakeFiles/cmTC_cf3c0.dir/link.txt --verbose=1
/Users/iridescent/iridescent/iridescentCoconutSynth2/arm-gnu-toolchain-12.2.mpacbti-bet1-darwin-x86_64-arm-none-eabi/bin/arm-none-eabi-gcc --specs=nosys.specs  CMakeFiles/cmTC_cf3c0.dir/src.c.obj -o cmTC_cf3c0 
/Users/iridescent/iridescent/iridescentCoconutSynth2/arm-gnu-toolchain-12.2.mpacbti-bet1-darwin-x86_64-arm-none-eabi/bin/../lib/gcc/arm-none-eabi/12.2.0/../../../../arm-none-eabi/bin/ld: /Users/iridescent/iridescent/iridescentCoconutSynth2/arm-gnu-toolchain-12.2.mpacbti-bet1-darwin-x86_64-arm-none-eabi/bin/../lib/gcc/arm-none-eabi/12.2.0/../../../../arm-none-eabi/lib/libc.a(libc_a-closer.o): in function `_close_r':
/Volumes/data/jenkins/workspace/GNU-toolchain/arm-12-mpacbti/src/newlib-cygwin/newlib/libc/reent/closer.c:47: warning: _close is not implemented and will always fail
/Users/iridescent/iridescent/iridescentCoconutSynth2/arm-gnu-toolchain-12.2.mpacbti-bet1-darwin-x86_64-arm-none-eabi/bin/../lib/gcc/arm-none-eabi/12.2.0/../../../../arm-none-eabi/bin/ld: /Users/iridescent/iridescent/iridescentCoconutSynth2/arm-gnu-toolchain-12.2.mpacbti-bet1-darwin-x86_64-arm-none-eabi/bin/../lib/gcc/arm-none-eabi/12.2.0/../../../../arm-none-eabi/lib/libc.a(libc_a-lseekr.o): in function `_lseek_r':
/Volumes/data/jenkins/workspace/GNU-toolchain/arm-12-mpacbti/src/newlib-cygwin/newlib/libc/reent/lseekr.c:49: warning: _lseek is not implemented and will always fail
/Users/iridescent/iridescent/iridescentCoconutSynth2/arm-gnu-toolchain-12.2.mpacbti-bet1-darwin-x86_64-arm-none-eabi/bin/../lib/gcc/arm-none-eabi/12.2.0/../../../../arm-none-eabi/bin/ld: /Users/iridescent/iridescent/iridescentCoconutSynth2/arm-gnu-toolchain-12.2.mpacbti-bet1-darwin-x86_64-arm-none-eabi/bin/../lib/gcc/arm-none-eabi/12.2.0/../../../../arm-none-eabi/lib/libc.a(libc_a-readr.o): in function `_read_r':
/Volumes/data/jenkins/workspace/GNU-toolchain/arm-12-mpacbti/src/newlib-cygwin/newlib/libc/reent/readr.c:49: warning: _read is not implemented and will always fail
/Users/iridescent/iridescent/iridescentCoconutSynth2/arm-gnu-toolchain-12.2.mpacbti-bet1-darwin-x86_64-arm-none-eabi/bin/../lib/gcc/arm-none-eabi/12.2.0/../../../../arm-none-eabi/bin/ld: /Users/iridescent/iridescent/iridescentCoconutSynth2/arm-gnu-toolchain-12.2.mpacbti-bet1-darwin-x86_64-arm-none-eabi/bin/../lib/gcc/arm-none-eabi/12.2.0/../../../../arm-none-eabi/lib/libc.a(libc_a-writer.o): in function `_write_r':
/Volumes/data/jenkins/workspace/GNU-toolchain/arm-12-mpacbti/src/newlib-cygwin/newlib/libc/reent/writer.c:49: warning: _write is not implemented and will always fail


Source file was:
int main(void) { return 0; }

Performing C SOURCE FILE Test HAVE_WERROR_DECLARATION_AFTER_STATEMENT succeeded with the following output:
Change Dir: /Users/iridescent/iridescent/iridescentCoconutSynth2/iridescentmicropython/ports/libmicropython/IRIDESCENT/sdl2-compat-main/BUILD/CMakeFiles/CMakeScratch/TryCompile-RyMdmd

Run Build Command(s):/usr/bin/make -f Makefile cmTC_33651/fast && /Applications/Xcode.app/Contents/Developer/usr/bin/make  -f CMakeFiles/cmTC_33651.dir/build.make CMakeFiles/cmTC_33651.dir/build
Building C object CMakeFiles/cmTC_33651.dir/src.c.obj
/Users/iridescent/iridescent/iridescentCoconutSynth2/arm-gnu-toolchain-12.2.mpacbti-bet1-darwin-x86_64-arm-none-eabi/bin/arm-none-eabi-gcc -DHAVE_WERROR_DECLARATION_AFTER_STATEMENT  -Werror=declaration-after-statement -o CMakeFiles/cmTC_33651.dir/src.c.obj -c /Users/iridescent/iridescent/iridescentCoconutSynth2/iridescentmicropython/ports/libmicropython/IRIDESCENT/sdl2-compat-main/BUILD/CMakeFiles/CMakeScratch/TryCompile-RyMdmd/src.c
Linking C executable cmTC_33651
/usr/local/Cellar/cmake/3.25.1/bin/cmake -E cmake_link_script CMakeFiles/cmTC_33651.dir/link.txt --verbose=1
/Users/iridescent/iridescent/iridescentCoconutSynth2/arm-gnu-toolchain-12.2.mpacbti-bet1-darwin-x86_64-arm-none-eabi/bin/arm-none-eabi-gcc --specs=nosys.specs  CMakeFiles/cmTC_33651.dir/src.c.obj -o cmTC_33651 
/Users/iridescent/iridescent/iridescentCoconutSynth2/arm-gnu-toolchain-12.2.mpacbti-bet1-darwin-x86_64-arm-none-eabi/bin/../lib/gcc/arm-none-eabi/12.2.0/../../../../arm-none-eabi/bin/ld: /Users/iridescent/iridescent/iridescentCoconutSynth2/arm-gnu-toolchain-12.2.mpacbti-bet1-darwin-x86_64-arm-none-eabi/bin/../lib/gcc/arm-none-eabi/12.2.0/../../../../arm-none-eabi/lib/libc.a(libc_a-closer.o): in function `_close_r':
/Volumes/data/jenkins/workspace/GNU-toolchain/arm-12-mpacbti/src/newlib-cygwin/newlib/libc/reent/closer.c:47: warning: _close is not implemented and will always fail
/Users/iridescent/iridescent/iridescentCoconutSynth2/arm-gnu-toolchain-12.2.mpacbti-bet1-darwin-x86_64-arm-none-eabi/bin/../lib/gcc/arm-none-eabi/12.2.0/../../../../arm-none-eabi/bin/ld: /Users/iridescent/iridescent/iridescentCoconutSynth2/arm-gnu-toolchain-12.2.mpacbti-bet1-darwin-x86_64-arm-none-eabi/bin/../lib/gcc/arm-none-eabi/12.2.0/../../../../arm-none-eabi/lib/libc.a(libc_a-lseekr.o): in function `_lseek_r':
/Volumes/data/jenkins/workspace/GNU-toolchain/arm-12-mpacbti/src/newlib-cygwin/newlib/libc/reent/lseekr.c:49: warning: _lseek is not implemented and will always fail
/Users/iridescent/iridescent/iridescentCoconutSynth2/arm-gnu-toolchain-12.2.mpacbti-bet1-darwin-x86_64-arm-none-eabi/bin/../lib/gcc/arm-none-eabi/12.2.0/../../../../arm-none-eabi/bin/ld: /Users/iridescent/iridescent/iridescentCoconutSynth2/arm-gnu-toolchain-12.2.mpacbti-bet1-darwin-x86_64-arm-none-eabi/bin/../lib/gcc/arm-none-eabi/12.2.0/../../../../arm-none-eabi/lib/libc.a(libc_a-readr.o): in function `_read_r':
/Volumes/data/jenkins/workspace/GNU-toolchain/arm-12-mpacbti/src/newlib-cygwin/newlib/libc/reent/readr.c:49: warning: _read is not implemented and will always fail
/Users/iridescent/iridescent/iridescentCoconutSynth2/arm-gnu-toolchain-12.2.mpacbti-bet1-darwin-x86_64-arm-none-eabi/bin/../lib/gcc/arm-none-eabi/12.2.0/../../../../arm-none-eabi/bin/ld: /Users/iridescent/iridescent/iridescentCoconutSynth2/arm-gnu-toolchain-12.2.mpacbti-bet1-darwin-x86_64-arm-none-eabi/bin/../lib/gcc/arm-none-eabi/12.2.0/../../../../arm-none-eabi/lib/libc.a(libc_a-writer.o): in function `_write_r':
/Volumes/data/jenkins/workspace/GNU-toolchain/arm-12-mpacbti/src/newlib-cygwin/newlib/libc/reent/writer.c:49: warning: _write is not implemented and will always fail


Source file was:
int main(void) { return 0; }

